# JRE version: OpenJDK Runtime Environment (8.0_242-b01) (build 1.8.0_242-release-1644-b01)
# Java VM: OpenJDK 64-Bit Server VM (25.242-b01 mixed mode windows-amd64 compressed oops)
Heap:
 PSYoungGen      total 212992K, used 178885K [0x00000000e0000000, 0x00000000efa80000, 0x0000000100000000)
  eden space 195072K, 82% used [0x00000000e0000000,0x00000000e9d742d0,0x00000000ebe80000)
  from space 17920K, 98% used [0x00000000ee900000,0x00000000efa3d438,0x00000000efa80000)
  to   space 25600K, 0% used [0x00000000ec880000,0x00000000ec880000,0x00000000ee180000)
 ParOldGen       total 146432K, used 38829K [0x00000000a0000000, 0x00000000a8f00000, 0x00000000e0000000)
  object space 146432K, 26% used [0x00000000a0000000,0x00000000a25eb530,0x00000000a8f00000)
 Metaspace       used 68778K, capacity 72428K, committed 72616K, reserved 1112064K
  class space    used 9267K, capacity 10126K, committed 10152K, reserved 1048576K
GC Heap History (10 events):
Event: 6.693 GC heap before
{Heap before GC invocations=13 (full 2):
 PSYoungGen      total 141312K, used 141065K [0x00000000e0000000, 0x00000000e9c80000, 0x0000000100000000)
  eden space 127488K, 100% used [0x00000000e0000000,0x00000000e7c80000,0x00000000e7c80000)
  from space 13824K, 98% used [0x00000000e8f00000,0x00000000e9c426c0,0x00000000e9c80000)
  to   space 15360K, 0% used [0x00000000e7e80000,0x00000000e7e80000,0x00000000e8d80000)
 ParOldGen       total 95232K, used 19539K [0x00000000a0000000, 0x00000000a5d00000, 0x00000000e0000000)
  object space 95232K, 20% used [0x00000000a0000000,0x00000000a1314e18,0x00000000a5d00000)
 Metaspace       used 50371K, capacity 51804K, committed 52136K, reserved 1093632K
  class space    used 6795K, capacity 7224K, committed 7336K, reserved 1048576K
Event: 6.705 GC heap after
Heap after GC invocations=13 (full 2):
 PSYoungGen      total 144896K, used 15350K [0x00000000e0000000, 0x00000000ec180000, 0x0000000100000000)
  eden space 129536K, 0% used [0x00000000e0000000,0x00000000e0000000,0x00000000e7e80000)
  from space 15360K, 99% used [0x00000000e7e80000,0x00000000e8d7da58,0x00000000e8d80000)
  to   space 17920K, 0% used [0x00000000eb000000,0x00000000eb000000,0x00000000ec180000)
 ParOldGen       total 95232K, used 21568K [0x00000000a0000000, 0x00000000a5d00000, 0x00000000e0000000)
  object space 95232K, 22% used [0x00000000a0000000,0x00000000a15102b8,0x00000000a5d00000)
 Metaspace       used 50371K, capacity 51804K, committed 52136K, reserved 1093632K
  class space    used 6795K, capacity 7224K, committed 7336K, reserved 1048576K
}
Event: 7.706 GC heap before
{Heap before GC invocations=14 (full 2):
 PSYoungGen      total 144896K, used 144886K [0x00000000e0000000, 0x00000000ec180000, 0x0000000100000000)
  eden space 129536K, 100% used [0x00000000e0000000,0x00000000e7e80000,0x00000000e7e80000)
  from space 15360K, 99% used [0x00000000e7e80000,0x00000000e8d7da58,0x00000000e8d80000)
  to   space 17920K, 0% used [0x00000000eb000000,0x00000000eb000000,0x00000000ec180000)
 ParOldGen       total 95232K, used 21568K [0x00000000a0000000, 0x00000000a5d00000, 0x00000000e0000000)
  object space 95232K, 22% used [0x00000000a0000000,0x00000000a15102b8,0x00000000a5d00000)
 Metaspace       used 56751K, capacity 58712K, committed 59048K, reserved 1099776K
  class space    used 7734K, capacity 8274K, committed 8360K, reserved 1048576K
Event: 7.722 GC heap after
Heap after GC invocations=14 (full 2):
 PSYoungGen      total 174592K, used 17909K [0x00000000e0000000, 0x00000000ed100000, 0x0000000100000000)
  eden space 156672K, 0% used [0x00000000e0000000,0x00000000e0000000,0x00000000e9900000)
  from space 17920K, 99% used [0x00000000eb000000,0x00000000ec17d548,0x00000000ec180000)
  to   space 23552K, 0% used [0x00000000e9900000,0x00000000e9900000,0x00000000eb000000)
 ParOldGen       total 95232K, used 29909K [0x00000000a0000000, 0x00000000a5d00000, 0x00000000e0000000)
  object space 95232K, 31% used [0x00000000a0000000,0x00000000a1d35530,0x00000000a5d00000)
 Metaspace       used 56751K, capacity 58712K, committed 59048K, reserved 1099776K
  class space    used 7734K, capacity 8274K, committed 8360K, reserved 1048576K
}
Event: 7.967 GC heap before
{Heap before GC invocations=15 (full 2):
 PSYoungGen      total 174592K, used 37228K [0x00000000e0000000, 0x00000000ed100000, 0x0000000100000000)
  eden space 156672K, 12% used [0x00000000e0000000,0x00000000e12dde20,0x00000000e9900000)
  from space 17920K, 99% used [0x00000000eb000000,0x00000000ec17d548,0x00000000ec180000)
  to   space 23552K, 0% used [0x00000000e9900000,0x00000000e9900000,0x00000000eb000000)
 ParOldGen       total 95232K, used 29909K [0x00000000a0000000, 0x00000000a5d00000, 0x00000000e0000000)
  object space 95232K, 31% used [0x00000000a0000000,0x00000000a1d35530,0x00000000a5d00000)
 Metaspace       used 57168K, capacity 59150K, committed 59160K, reserved 1099776K
  class space    used 7769K, capacity 8352K, committed 8360K, reserved 1048576K
Event: 7.979 GC heap after
Heap after GC invocations=15 (full 2):
 PSYoungGen      total 180224K, used 1848K [0x00000000e0000000, 0x00000000f0080000, 0x0000000100000000)
  eden space 156672K, 0% used [0x00000000e0000000,0x00000000e0000000,0x00000000e9900000)
  from space 23552K, 7% used [0x00000000e9900000,0x00000000e9ace218,0x00000000eb000000)
  to   space 24064K, 0% used [0x00000000ee900000,0x00000000ee900000,0x00000000f0080000)
 ParOldGen       total 95232K, used 45775K [0x00000000a0000000, 0x00000000a5d00000, 0x00000000e0000000)
  object space 95232K, 48% used [0x00000000a0000000,0x00000000a2cb3e98,0x00000000a5d00000)
 Metaspace       used 57168K, capacity 59150K, committed 59160K, reserved 1099776K
  class space    used 7769K, capacity 8352K, committed 8360K, reserved 1048576K
}
Event: 7.979 GC heap before
{Heap before GC invocations=16 (full 3):
 PSYoungGen      total 180224K, used 1848K [0x00000000e0000000, 0x00000000f0080000, 0x0000000100000000)
  eden space 156672K, 0% used [0x00000000e0000000,0x00000000e0000000,0x00000000e9900000)
  from space 23552K, 7% used [0x00000000e9900000,0x00000000e9ace218,0x00000000eb000000)
  to   space 24064K, 0% used [0x00000000ee900000,0x00000000ee900000,0x00000000f0080000)
 ParOldGen       total 95232K, used 45775K [0x00000000a0000000, 0x00000000a5d00000, 0x00000000e0000000)
  object space 95232K, 48% used [0x00000000a0000000,0x00000000a2cb3e98,0x00000000a5d00000)
 Metaspace       used 57168K, capacity 59150K, committed 59160K, reserved 1099776K
  class space    used 7769K, capacity 8352K, committed 8360K, reserved 1048576K
Event: 8.160 GC heap after
Heap after GC invocations=16 (full 3):
 PSYoungGen      total 180224K, used 0K [0x00000000e0000000, 0x00000000f0080000, 0x0000000100000000)
  eden space 156672K, 0% used [0x00000000e0000000,0x00000000e0000000,0x00000000e9900000)
  from space 23552K, 0% used [0x00000000e9900000,0x00000000e9900000,0x00000000eb000000)
  to   space 24064K, 0% used [0x00000000ee900000,0x00000000ee900000,0x00000000f0080000)
 ParOldGen       total 146432K, used 38821K [0x00000000a0000000, 0x00000000a8f00000, 0x00000000e0000000)
  object space 146432K, 26% used [0x00000000a0000000,0x00000000a25e9530,0x00000000a8f00000)
 Metaspace       used 57168K, capacity 59150K, committed 59160K, reserved 1099776K
  class space    used 7769K, capacity 8352K, committed 8360K, reserved 1048576K
}
Event: 9.921 GC heap before
{Heap before GC invocations=17 (full 3):
 PSYoungGen      total 180224K, used 156672K [0x00000000e0000000, 0x00000000f0080000, 0x0000000100000000)
  eden space 156672K, 100% used [0x00000000e0000000,0x00000000e9900000,0x00000000e9900000)
  from space 23552K, 0% used [0x00000000e9900000,0x00000000e9900000,0x00000000eb000000)
  to   space 24064K, 0% used [0x00000000ee900000,0x00000000ee900000,0x00000000f0080000)
 ParOldGen       total 146432K, used 38821K [0x00000000a0000000, 0x00000000a8f00000, 0x00000000e0000000)
  object space 146432K, 26% used [0x00000000a0000000,0x00000000a25e9530,0x00000000a8f00000)
 Metaspace       used 63905K, capacity 67200K, committed 67368K, reserved 1107968K
  class space    used 8864K, capacity 9643K, committed 9768K, reserved 1048576K
Event: 9.941 GC heap after
Heap after GC invocations=17 (full 3):
 PSYoungGen      total 212992K, used 17653K [0x00000000e0000000, 0x00000000efa80000, 0x0000000100000000)
  eden space 195072K, 0% used [0x00000000e0000000,0x00000000e0000000,0x00000000ebe80000)
  from space 17920K, 98% used [0x00000000ee900000,0x00000000efa3d438,0x00000000efa80000)
  to   space 25600K, 0% used [0x00000000ec880000,0x00000000ec880000,0x00000000ee180000)
 ParOldGen       total 146432K, used 38829K [0x00000000a0000000, 0x00000000a8f00000, 0x00000000e0000000)
  object space 146432K, 26% used [0x00000000a0000000,0x00000000a25eb530,0x00000000a8f00000)
 Metaspace       used 63905K, capacity 67200K, committed 67368K, reserved 1107968K
  class space    used 8864K, capacity 9643K, committed 9768K, reserved 1048576K
}

