# JRE version: OpenJDK Runtime Environment (8.0_242-b01) (build 1.8.0_242-release-1644-b01)
# Java VM: OpenJDK 64-Bit Server VM (25.242-b01 mixed mode windows-amd64 compressed oops)
Heap:
 PSYoungGen      total 135168K, used 40302K [0x00000000e0000000, 0x00000000e9380000, 0x0000000100000000)
  eden space 120832K, 21% used [0x00000000e0000000,0x00000000e195c828,0x00000000e7600000)
  from space 14336K, 99% used [0x00000000e7600000,0x00000000e83ff2c8,0x00000000e8400000)
  to   space 14848K, 0% used [0x00000000e8400000,0x00000000e8400000,0x00000000e9280000)
 ParOldGen       total 162304K, used 40093K [0x00000000a0000000, 0x00000000a9e80000, 0x00000000e0000000)
  object space 162304K, 24% used [0x00000000a0000000,0x00000000a27274b8,0x00000000a9e80000)
 Metaspace       used 63670K, capacity 66802K, committed 66984K, reserved 1105920K
  class space    used 8826K, capacity 9579K, committed 9640K, reserved 1048576K
GC Heap History (10 events):
Event: 19.603 GC heap before
{Heap before GC invocations=16 (full 2):
 PSYoungGen      total 93696K, used 93693K [0x00000000e0000000, 0x00000000e7680000, 0x0000000100000000)
  eden space 82944K, 100% used [0x00000000e0000000,0x00000000e5100000,0x00000000e5100000)
  from space 10752K, 99% used [0x00000000e5100000,0x00000000e5b7f4e0,0x00000000e5b80000)
  to   space 12800K, 0% used [0x00000000e6a00000,0x00000000e6a00000,0x00000000e7680000)
 ParOldGen       total 100864K, used 20782K [0x00000000a0000000, 0x00000000a6280000, 0x00000000e0000000)
  object space 100864K, 20% used [0x00000000a0000000,0x00000000a144bba8,0x00000000a6280000)
 Metaspace       used 50352K, capacity 51872K, committed 52136K, reserved 1093632K
  class space    used 6798K, capacity 7223K, committed 7336K, reserved 1048576K
Event: 19.632 GC heap after
Heap after GC invocations=16 (full 2):
 PSYoungGen      total 109056K, used 7428K [0x00000000e0000000, 0x00000000e7e00000, 0x0000000100000000)
  eden space 96256K, 0% used [0x00000000e0000000,0x00000000e0000000,0x00000000e5e00000)
  from space 12800K, 58% used [0x00000000e6a00000,0x00000000e71412e0,0x00000000e7680000)
  to   space 12288K, 0% used [0x00000000e5e00000,0x00000000e5e00000,0x00000000e6a00000)
 ParOldGen       total 100864K, used 30668K [0x00000000a0000000, 0x00000000a6280000, 0x00000000e0000000)
  object space 100864K, 30% used [0x00000000a0000000,0x00000000a1df3350,0x00000000a6280000)
 Metaspace       used 50352K, capacity 51872K, committed 52136K, reserved 1093632K
  class space    used 6798K, capacity 7223K, committed 7336K, reserved 1048576K
}
Event: 21.259 GC heap before
{Heap before GC invocations=17 (full 2):
 PSYoungGen      total 109056K, used 103684K [0x00000000e0000000, 0x00000000e7e00000, 0x0000000100000000)
  eden space 96256K, 100% used [0x00000000e0000000,0x00000000e5e00000,0x00000000e5e00000)
  from space 12800K, 58% used [0x00000000e6a00000,0x00000000e71412e0,0x00000000e7680000)
  to   space 12288K, 0% used [0x00000000e5e00000,0x00000000e5e00000,0x00000000e6a00000)
 ParOldGen       total 100864K, used 30668K [0x00000000a0000000, 0x00000000a6280000, 0x00000000e0000000)
  object space 100864K, 30% used [0x00000000a0000000,0x00000000a1df3350,0x00000000a6280000)
 Metaspace       used 54763K, capacity 56614K, committed 56744K, reserved 1097728K
  class space    used 7490K, capacity 7996K, committed 8104K, reserved 1048576K
Event: 21.276 GC heap after
Heap after GC invocations=17 (full 2):
 PSYoungGen      total 108544K, used 12286K [0x00000000e0000000, 0x00000000e9280000, 0x0000000100000000)
  eden space 96256K, 0% used [0x00000000e0000000,0x00000000e0000000,0x00000000e5e00000)
  from space 12288K, 99% used [0x00000000e5e00000,0x00000000e69ffa98,0x00000000e6a00000)
  to   space 14848K, 0% used [0x00000000e8400000,0x00000000e8400000,0x00000000e9280000)
 ParOldGen       total 100864K, used 32979K [0x00000000a0000000, 0x00000000a6280000, 0x00000000e0000000)
  object space 100864K, 32% used [0x00000000a0000000,0x00000000a2034dd0,0x00000000a6280000)
 Metaspace       used 54763K, capacity 56614K, committed 56744K, reserved 1097728K
  class space    used 7490K, capacity 7996K, committed 8104K, reserved 1048576K
}
Event: 22.512 GC heap before
{Heap before GC invocations=18 (full 2):
 PSYoungGen      total 108544K, used 61830K [0x00000000e0000000, 0x00000000e9280000, 0x0000000100000000)
  eden space 96256K, 51% used [0x00000000e0000000,0x00000000e3061e58,0x00000000e5e00000)
  from space 12288K, 99% used [0x00000000e5e00000,0x00000000e69ffa98,0x00000000e6a00000)
  to   space 14848K, 0% used [0x00000000e8400000,0x00000000e8400000,0x00000000e9280000)
 ParOldGen       total 100864K, used 32979K [0x00000000a0000000, 0x00000000a6280000, 0x00000000e0000000)
  object space 100864K, 32% used [0x00000000a0000000,0x00000000a2034dd0,0x00000000a6280000)
 Metaspace       used 57153K, capacity 59150K, committed 59160K, reserved 1099776K
  class space    used 7773K, capacity 8351K, committed 8360K, reserved 1048576K
Event: 22.536 GC heap after
Heap after GC invocations=18 (full 2):
 PSYoungGen      total 135680K, used 5425K [0x00000000e0000000, 0x00000000e9380000, 0x0000000100000000)
  eden space 120832K, 0% used [0x00000000e0000000,0x00000000e0000000,0x00000000e7600000)
  from space 14848K, 36% used [0x00000000e8400000,0x00000000e894c738,0x00000000e9280000)
  to   space 14336K, 0% used [0x00000000e7600000,0x00000000e7600000,0x00000000e8400000)
 ParOldGen       total 100864K, used 43617K [0x00000000a0000000, 0x00000000a6280000, 0x00000000e0000000)
  object space 100864K, 43% used [0x00000000a0000000,0x00000000a2a98640,0x00000000a6280000)
 Metaspace       used 57153K, capacity 59150K, committed 59160K, reserved 1099776K
  class space    used 7773K, capacity 8351K, committed 8360K, reserved 1048576K
}
Event: 22.536 GC heap before
{Heap before GC invocations=19 (full 3):
 PSYoungGen      total 135680K, used 5425K [0x00000000e0000000, 0x00000000e9380000, 0x0000000100000000)
  eden space 120832K, 0% used [0x00000000e0000000,0x00000000e0000000,0x00000000e7600000)
  from space 14848K, 36% used [0x00000000e8400000,0x00000000e894c738,0x00000000e9280000)
  to   space 14336K, 0% used [0x00000000e7600000,0x00000000e7600000,0x00000000e8400000)
 ParOldGen       total 100864K, used 43617K [0x00000000a0000000, 0x00000000a6280000, 0x00000000e0000000)
  object space 100864K, 43% used [0x00000000a0000000,0x00000000a2a98640,0x00000000a6280000)
 Metaspace       used 57153K, capacity 59150K, committed 59160K, reserved 1099776K
  class space    used 7773K, capacity 8351K, committed 8360K, reserved 1048576K
Event: 23.235 GC heap after
Heap after GC invocations=19 (full 3):
 PSYoungGen      total 135680K, used 0K [0x00000000e0000000, 0x00000000e9380000, 0x0000000100000000)
  eden space 120832K, 0% used [0x00000000e0000000,0x00000000e0000000,0x00000000e7600000)
  from space 14848K, 0% used [0x00000000e8400000,0x00000000e8400000,0x00000000e9280000)
  to   space 14336K, 0% used [0x00000000e7600000,0x00000000e7600000,0x00000000e8400000)
 ParOldGen       total 162304K, used 39519K [0x00000000a0000000, 0x00000000a9e80000, 0x00000000e0000000)
  object space 162304K, 24% used [0x00000000a0000000,0x00000000a2697d18,0x00000000a9e80000)
 Metaspace       used 57153K, capacity 59150K, committed 59160K, reserved 1099776K
  class space    used 7773K, capacity 8351K, committed 8360K, reserved 1048576K
}
Event: 26.463 GC heap before
{Heap before GC invocations=20 (full 3):
 PSYoungGen      total 135680K, used 120832K [0x00000000e0000000, 0x00000000e9380000, 0x0000000100000000)
  eden space 120832K, 100% used [0x00000000e0000000,0x00000000e7600000,0x00000000e7600000)
  from space 14848K, 0% used [0x00000000e8400000,0x00000000e8400000,0x00000000e9280000)
  to   space 14336K, 0% used [0x00000000e7600000,0x00000000e7600000,0x00000000e8400000)
 ParOldGen       total 162304K, used 39519K [0x00000000a0000000, 0x00000000a9e80000, 0x00000000e0000000)
  object space 162304K, 24% used [0x00000000a0000000,0x00000000a2697d18,0x00000000a9e80000)
 Metaspace       used 62553K, capacity 64960K, committed 65064K, reserved 1105920K
  class space    used 8594K, capacity 9224K, committed 9256K, reserved 1048576K
Event: 26.489 GC heap after
Heap after GC invocations=20 (full 3):
 PSYoungGen      total 135168K, used 14332K [0x00000000e0000000, 0x00000000e9380000, 0x0000000100000000)
  eden space 120832K, 0% used [0x00000000e0000000,0x00000000e0000000,0x00000000e7600000)
  from space 14336K, 99% used [0x00000000e7600000,0x00000000e83ff2c8,0x00000000e8400000)
  to   space 14848K, 0% used [0x00000000e8400000,0x00000000e8400000,0x00000000e9280000)
 ParOldGen       total 162304K, used 40093K [0x00000000a0000000, 0x00000000a9e80000, 0x00000000e0000000)
  object space 162304K, 24% used [0x00000000a0000000,0x00000000a27274b8,0x00000000a9e80000)
 Metaspace       used 62553K, capacity 64960K, committed 65064K, reserved 1105920K
  class space    used 8594K, capacity 9224K, committed 9256K, reserved 1048576K
}

