# JRE version: OpenJDK Runtime Environment (8.0_242-b01) (build 1.8.0_242-release-1644-b01)
# Java VM: OpenJDK 64-Bit Server VM (25.242-b01 mixed mode windows-amd64 compressed oops)
Heap:
 PSYoungGen      total 148480K, used 42904K [0x00000000e0000000, 0x00000000ec500000, 0x0000000100000000)
  eden space 133120K, 20% used [0x00000000e0000000,0x00000000e1ae8a40,0x00000000e8200000)
  from space 15360K, 99% used [0x00000000e8200000,0x00000000e90fd9b0,0x00000000e9100000)
  to   space 18432K, 0% used [0x00000000eb300000,0x00000000eb300000,0x00000000ec500000)
 ParOldGen       total 93184K, used 21871K [0x00000000a0000000, 0x00000000a5b00000, 0x00000000e0000000)
  object space 93184K, 23% used [0x00000000a0000000,0x00000000a155be00,0x00000000a5b00000)
 Metaspace       used 52060K, capacity 53578K, committed 53800K, reserved 1095680K
  class space    used 7027K, capacity 7453K, committed 7464K, reserved 1048576K
GC Heap History (10 events):
Event: 4.112 GC heap before
{Heap before GC invocations=9 (full 1):
 PSYoungGen      total 75776K, used 72469K [0x00000000e0000000, 0x00000000e7900000, 0x0000000100000000)
  eden space 64512K, 100% used [0x00000000e0000000,0x00000000e3f00000,0x00000000e3f00000)
  from space 11264K, 70% used [0x00000000e3f00000,0x00000000e46c54a0,0x00000000e4a00000)
  to   space 11264K, 0% used [0x00000000e6e00000,0x00000000e6e00000,0x00000000e7900000)
 ParOldGen       total 59392K, used 9561K [0x00000000a0000000, 0x00000000a3a00000, 0x00000000e0000000)
  object space 59392K, 16% used [0x00000000a0000000,0x00000000a0956658,0x00000000a3a00000)
 Metaspace       used 31363K, capacity 31838K, committed 32176K, reserved 1077248K
  class space    used 4284K, capacity 4457K, committed 4528K, reserved 1048576K
Event: 4.119 GC heap after
Heap after GC invocations=9 (full 1):
 PSYoungGen      total 112128K, used 8833K [0x00000000e0000000, 0x00000000e7a80000, 0x0000000100000000)
  eden space 100864K, 0% used [0x00000000e0000000,0x00000000e0000000,0x00000000e6280000)
  from space 11264K, 78% used [0x00000000e6e00000,0x00000000e76a0770,0x00000000e7900000)
  to   space 11776K, 0% used [0x00000000e6280000,0x00000000e6280000,0x00000000e6e00000)
 ParOldGen       total 59392K, used 9569K [0x00000000a0000000, 0x00000000a3a00000, 0x00000000e0000000)
  object space 59392K, 16% used [0x00000000a0000000,0x00000000a0958658,0x00000000a3a00000)
 Metaspace       used 31363K, capacity 31838K, committed 32176K, reserved 1077248K
  class space    used 4284K, capacity 4457K, committed 4528K, reserved 1048576K
}
Event: 4.971 GC heap before
{Heap before GC invocations=10 (full 1):
 PSYoungGen      total 112128K, used 82390K [0x00000000e0000000, 0x00000000e7a80000, 0x0000000100000000)
  eden space 100864K, 72% used [0x00000000e0000000,0x00000000e47d5108,0x00000000e6280000)
  from space 11264K, 78% used [0x00000000e6e00000,0x00000000e76a0770,0x00000000e7900000)
  to   space 11776K, 0% used [0x00000000e6280000,0x00000000e6280000,0x00000000e6e00000)
 ParOldGen       total 59392K, used 9569K [0x00000000a0000000, 0x00000000a3a00000, 0x00000000e0000000)
  object space 59392K, 16% used [0x00000000a0000000,0x00000000a0958658,0x00000000a3a00000)
 Metaspace       used 34511K, capacity 35368K, committed 35496K, reserved 1079296K
  class space    used 4730K, capacity 4933K, committed 5032K, reserved 1048576K
Event: 4.983 GC heap after
Heap after GC invocations=10 (full 1):
 PSYoungGen      total 112640K, used 11773K [0x00000000e0000000, 0x00000000ea000000, 0x0000000100000000)
  eden space 100864K, 0% used [0x00000000e0000000,0x00000000e0000000,0x00000000e6280000)
  from space 11776K, 99% used [0x00000000e6280000,0x00000000e6dff640,0x00000000e6e00000)
  to   space 13824K, 0% used [0x00000000e9280000,0x00000000e9280000,0x00000000ea000000)
 ParOldGen       total 59392K, used 10565K [0x00000000a0000000, 0x00000000a3a00000, 0x00000000e0000000)
  object space 59392K, 17% used [0x00000000a0000000,0x00000000a0a517d8,0x00000000a3a00000)
 Metaspace       used 34511K, capacity 35368K, committed 35496K, reserved 1079296K
  class space    used 4730K, capacity 4933K, committed 5032K, reserved 1048576K
}
Event: 4.983 GC heap before
{Heap before GC invocations=11 (full 2):
 PSYoungGen      total 112640K, used 11773K [0x00000000e0000000, 0x00000000ea000000, 0x0000000100000000)
  eden space 100864K, 0% used [0x00000000e0000000,0x00000000e0000000,0x00000000e6280000)
  from space 11776K, 99% used [0x00000000e6280000,0x00000000e6dff640,0x00000000e6e00000)
  to   space 13824K, 0% used [0x00000000e9280000,0x00000000e9280000,0x00000000ea000000)
 ParOldGen       total 59392K, used 10565K [0x00000000a0000000, 0x00000000a3a00000, 0x00000000e0000000)
  object space 59392K, 17% used [0x00000000a0000000,0x00000000a0a517d8,0x00000000a3a00000)
 Metaspace       used 34511K, capacity 35368K, committed 35496K, reserved 1079296K
  class space    used 4730K, capacity 4933K, committed 5032K, reserved 1048576K
Event: 5.026 GC heap after
Heap after GC invocations=11 (full 2):
 PSYoungGen      total 112640K, used 0K [0x00000000e0000000, 0x00000000ea000000, 0x0000000100000000)
  eden space 100864K, 0% used [0x00000000e0000000,0x00000000e0000000,0x00000000e6280000)
  from space 11776K, 0% used [0x00000000e6280000,0x00000000e6280000,0x00000000e6e00000)
  to   space 13824K, 0% used [0x00000000e9280000,0x00000000e9280000,0x00000000ea000000)
 ParOldGen       total 93184K, used 19526K [0x00000000a0000000, 0x00000000a5b00000, 0x00000000e0000000)
  object space 93184K, 20% used [0x00000000a0000000,0x00000000a1311850,0x00000000a5b00000)
 Metaspace       used 34469K, capacity 35230K, committed 35496K, reserved 1079296K
  class space    used 4718K, capacity 4910K, committed 5032K, reserved 1048576K
}
Event: 6.222 GC heap before
{Heap before GC invocations=12 (full 2):
 PSYoungGen      total 112640K, used 100864K [0x00000000e0000000, 0x00000000ea000000, 0x0000000100000000)
  eden space 100864K, 100% used [0x00000000e0000000,0x00000000e6280000,0x00000000e6280000)
  from space 11776K, 0% used [0x00000000e6280000,0x00000000e6280000,0x00000000e6e00000)
  to   space 13824K, 0% used [0x00000000e9280000,0x00000000e9280000,0x00000000ea000000)
 ParOldGen       total 93184K, used 19526K [0x00000000a0000000, 0x00000000a5b00000, 0x00000000e0000000)
  object space 93184K, 20% used [0x00000000a0000000,0x00000000a1311850,0x00000000a5b00000)
 Metaspace       used 44557K, capacity 45532K, committed 45992K, reserved 1089536K
  class space    used 5947K, capacity 6215K, committed 6312K, reserved 1048576K
Event: 6.232 GC heap after
Heap after GC invocations=12 (full 2):
 PSYoungGen      total 142336K, used 13634K [0x00000000e0000000, 0x00000000ea000000, 0x0000000100000000)
  eden space 128512K, 0% used [0x00000000e0000000,0x00000000e0000000,0x00000000e7d80000)
  from space 13824K, 98% used [0x00000000e9280000,0x00000000e9fd0b80,0x00000000ea000000)
  to   space 15360K, 0% used [0x00000000e8200000,0x00000000e8200000,0x00000000e9100000)
 ParOldGen       total 93184K, used 19534K [0x00000000a0000000, 0x00000000a5b00000, 0x00000000e0000000)
  object space 93184K, 20% used [0x00000000a0000000,0x00000000a1313850,0x00000000a5b00000)
 Metaspace       used 44557K, capacity 45532K, committed 45992K, reserved 1089536K
  class space    used 5947K, capacity 6215K, committed 6312K, reserved 1048576K
}
Event: 7.427 GC heap before
{Heap before GC invocations=13 (full 2):
 PSYoungGen      total 142336K, used 142146K [0x00000000e0000000, 0x00000000ea000000, 0x0000000100000000)
  eden space 128512K, 100% used [0x00000000e0000000,0x00000000e7d80000,0x00000000e7d80000)
  from space 13824K, 98% used [0x00000000e9280000,0x00000000e9fd0b80,0x00000000ea000000)
  to   space 15360K, 0% used [0x00000000e8200000,0x00000000e8200000,0x00000000e9100000)
 ParOldGen       total 93184K, used 19534K [0x00000000a0000000, 0x00000000a5b00000, 0x00000000e0000000)
  object space 93184K, 20% used [0x00000000a0000000,0x00000000a1313850,0x00000000a5b00000)
 Metaspace       used 50543K, capacity 52028K, committed 52136K, reserved 1093632K
  class space    used 6822K, capacity 7256K, committed 7336K, reserved 1048576K
Event: 7.446 GC heap after
Heap after GC invocations=13 (full 2):
 PSYoungGen      total 148480K, used 15350K [0x00000000e0000000, 0x00000000ec500000, 0x0000000100000000)
  eden space 133120K, 0% used [0x00000000e0000000,0x00000000e0000000,0x00000000e8200000)
  from space 15360K, 99% used [0x00000000e8200000,0x00000000e90fd9b0,0x00000000e9100000)
  to   space 18432K, 0% used [0x00000000eb300000,0x00000000eb300000,0x00000000ec500000)
 ParOldGen       total 93184K, used 21871K [0x00000000a0000000, 0x00000000a5b00000, 0x00000000e0000000)
  object space 93184K, 23% used [0x00000000a0000000,0x00000000a155be00,0x00000000a5b00000)
 Metaspace       used 50543K, capacity 52028K, committed 52136K, reserved 1093632K
  class space    used 6822K, capacity 7256K, committed 7336K, reserved 1048576K
}

